<?xml version="1.0" encoding="UTF-8"?>
<!-- Generated by org.testng.reporters.JUnitReportReporter -->
<testsuite hostname="Kumar-HP" name="Test.Test1" tests="1" failures="0" timestamp="6 Apr 2019 04:41:59 GMT" time="30.417" errors="0">
  <testcase name="TextVerification" time="30.417" classname="Test.Test1"/>
</testsuite> <!-- Test.Test1 -->
