<?xml version="1.0" encoding="UTF-8"?>
<!-- Generated by org.testng.reporters.JUnitReportReporter -->
<testsuite hostname="Kumar-HP" name="Test.TextVerificationTest" tests="1" failures="0" timestamp="6 Apr 2019 05:12:16 GMT" time="42.103" errors="0">
  <testcase name="TextVerification" time="42.103" classname="Test.TextVerificationTest"/>
</testsuite> <!-- Test.TextVerificationTest -->
